<?xml version="1.0" encoding="UTF-8"?>
<!-- Generated by org.testng.reporters.JUnitReportReporter -->
<testsuite hostname="LAPTOP-G4LEVCJ3" failures="0" tests="2" name="MavenAutomation.AppiumTest" time="0.001" errors="0" timestamp="2021-09-01T07:42:15 IST" skipped="0">
  <testcase classname="MavenAutomation.AppiumTest" name="Android" time="0.001"/>
  <system-out/>
  <testcase classname="MavenAutomation.AppiumTest" name="IOS" time="0.000"/>
  <system-out/>
</testsuite> <!-- MavenAutomation.AppiumTest -->
