<?xml version="1.0" encoding="UTF-8"?>
<!-- Generated by org.testng.reporters.JUnitReportReporter -->
<testsuite hostname="LAPTOP-G4LEVCJ3" failures="0" tests="1" name="MavenAutomation.SeleniumAutomationTest" time="0.006" errors="0" timestamp="2021-09-01T07:42:15 IST" skipped="0">
  <testcase classname="MavenAutomation.SeleniumAutomationTest" name="browserAutomation" time="0.006"/>
  <system-out/>
</testsuite> <!-- MavenAutomation.SeleniumAutomationTest -->
