<?xml version="1.0" encoding="UTF-8"?>
<!-- Generated by org.testng.reporters.JUnitReportReporter -->
<testsuite hostname="LAPTOP-G4LEVCJ3" failures="0" tests="2" name="MavenAutomation.RestAPITest" time="0.006" errors="0" timestamp="2021-09-04T08:29:58 IST" skipped="0">
  <testcase classname="MavenAutomation.RestAPITest" name="delete" time="0.006"/>
  <system-out/>
  <testcase classname="MavenAutomation.RestAPITest" name="post" time="0.000"/>
  <system-out/>
</testsuite> <!-- MavenAutomation.RestAPITest -->
