<?xml version="1.0" encoding="UTF-8"?>
<!-- Generated by org.testng.reporters.JUnitReportReporter -->
<testsuite hostname="LAPTOP-G4LEVCJ3" failures="0" tests="1" name="MavenAutomation.AppTest" time="0.001" errors="0" timestamp="2021-09-01T07:35:54 IST" skipped="0">
  <testcase classname="MavenAutomation.AppTest" name="shouldAnswerWithTrue" time="0.001"/>
  <system-out/>
</testsuite> <!-- MavenAutomation.AppTest -->
